Unity Editor version:    2021.3.17f1 (3e8111cac19d)
Branch:                  2021.3/release
Build type:              Release
Batch mode:              YES
macOS version:           Version 11.4 (Build 20F71)
Darwin version:          20.5.0
Architecture:            x86_64
Running under Rosetta:   NO
Available memory:        16384 MB
Using pre-set license
Pro License: YES

COMMAND LINE ARGUMENTS:
/Applications/Unity/Hub/Editor/2021.3.17f1/Unity.app/Contents/MacOS/Unity
-adb2
-batchMode
-noUpm
-name
AssetImportWorker0
-projectPath
/Users/kayla/Documents/GitHub/CPSC244FinalProject/PrisonBeak
-logFile
Logs/AssetImportWorker0.log
-srvPort
57011
Successfully changed project path to: /Users/kayla/Documents/GitHub/CPSC244FinalProject/PrisonBeak
/Users/kayla/Documents/GitHub/CPSC244FinalProject/PrisonBeak
[UnityMemory] Configuration Parameters - Can be set up in boot.config
    "memorysetup-bucket-allocator-granularity=16"
    "memorysetup-bucket-allocator-bucket-count=8"
    "memorysetup-bucket-allocator-block-size=33554432"
    "memorysetup-bucket-allocator-block-count=8"
    "memorysetup-main-allocator-block-size=16777216"
    "memorysetup-thread-allocator-block-size=16777216"
    "memorysetup-gfx-main-allocator-block-size=16777216"
    "memorysetup-gfx-thread-allocator-block-size=16777216"
    "memorysetup-cache-allocator-block-size=4194304"
    "memorysetup-typetree-allocator-block-size=2097152"
    "memorysetup-profiler-bucket-allocator-granularity=16"
    "memorysetup-profiler-bucket-allocator-bucket-count=8"
    "memorysetup-profiler-bucket-allocator-block-size=33554432"
    "memorysetup-profiler-bucket-allocator-block-count=8"
    "memorysetup-profiler-allocator-block-size=16777216"
    "memorysetup-profiler-editor-allocator-block-size=1048576"
    "memorysetup-temp-allocator-size-main=16777216"
    "memorysetup-job-temp-allocator-block-size=2097152"
    "memorysetup-job-temp-allocator-block-size-background=1048576"
    "memorysetup-job-temp-allocator-reduction-small-platforms=262144"
    "memorysetup-temp-allocator-size-background-worker=32768"
    "memorysetup-temp-allocator-size-job-worker=262144"
    "memorysetup-temp-allocator-size-preload-manager=33554432"
    "memorysetup-temp-allocator-size-nav-mesh-worker=65536"
    "memorysetup-temp-allocator-size-audio-worker=65536"
    "memorysetup-temp-allocator-size-cloud-worker=32768"
    "memorysetup-temp-allocator-size-gi-baking-worker=262144"
    "memorysetup-temp-allocator-size-gfx=262144"
Player connection [4585356800] Host "[IP] 192.168.1.196 [Port] 0 [Flags] 2 [Guid] 2009642828 [EditorId] 2009642828 [Version] 1048832 [Id] OSXEditor(0,Kaylas-MBP.lan) [Debug] 1 [PackageName] OSXEditor [ProjectName] Editor" joined multi-casting on [225.0.0.222:54997]...

Player connection [4585356800] Host "[IP] 192.168.1.196 [Port] 0 [Flags] 2 [Guid] 2009642828 [EditorId] 2009642828 [Version] 1048832 [Id] OSXEditor(0,Kaylas-MBP.lan) [Debug] 1 [PackageName] OSXEditor [ProjectName] Editor" joined alternative multi-casting on [225.0.0.222:34997]...

Refreshing native plugins compatible for Editor in 104.32 ms, found 2 plugins.
Preloading 0 native plugins for Editor in 0.00 ms.
Initialize engine version: 2021.3.17f1 (3e8111cac19d)
[Subsystems] Discovering subsystems at path /Applications/Unity/Hub/Editor/2021.3.17f1/Unity.app/Contents/Resources/UnitySubsystems
[Subsystems] Discovering subsystems at path /Users/kayla/Documents/GitHub/CPSC244FinalProject/PrisonBeak/Assets
GfxDevice: creating device client; threaded=0; jobified=0
Color LCD preferred device: Intel(R) Iris(TM) Plus Graphics (low power)
Metal devices available: 1
0: Intel(R) Iris(TM) Plus Graphics (low power)
Using device Intel(R) Iris(TM) Plus Graphics (low power)
Initializing Metal device caps: Intel(R) Iris(TM) Plus Graphics
Initialize mono
Mono path[0] = '/Applications/Unity/Hub/Editor/2021.3.17f1/Unity.app/Contents/Managed'
Mono path[1] = '/Applications/Unity/Hub/Editor/2021.3.17f1/Unity.app/Contents/MonoBleedingEdge/lib/mono/unityjit-macos'
Mono config path = '/Applications/Unity/Hub/Editor/2021.3.17f1/Unity.app/Contents/MonoBleedingEdge/etc'
Using monoOptions --debugger-agent=transport=dt_socket,embedding=1,server=y,suspend=n,address=127.0.0.1:56056
Begin MonoManager ReloadAssembly
Registering precompiled unity dll's ...
Register platform support module: /Applications/Unity/Hub/Editor/2021.3.17f1/PlaybackEngines/WebGLSupport/UnityEditor.WebGL.Extensions.dll
Register platform support module: /Applications/Unity/Hub/Editor/2021.3.17f1/Unity.app/Contents/PlaybackEngines/MacStandaloneSupport/UnityEditor.OSXStandalone.Extensions.dll
Registered in 0.005850 seconds.
Native extension for OSXStandalone target not found
Native extension for WebGL target not found
Refreshing native plugins compatible for Editor in 85.18 ms, found 2 plugins.
Preloading 0 native plugins for Editor in 0.00 ms.
Mono: successfully reloaded assembly
- Completed reload, in  0.970 seconds
Domain Reload Profiling:
	ReloadAssembly (971ms)
		BeginReloadAssembly (170ms)
			ExecutionOrderSort (0ms)
			DisableScriptedObjects (0ms)
			BackupInstance (0ms)
			ReleaseScriptingObjects (0ms)
			CreateAndSetChildDomain (1ms)
		EndReloadAssembly (637ms)
			LoadAssemblies (174ms)
			RebuildTransferFunctionScriptingTraits (0ms)
			SetupTypeCache (172ms)
			ReleaseScriptCaches (0ms)
			RebuildScriptCaches (42ms)
			SetupLoadedEditorAssemblies (356ms)
				LogAssemblyErrors (0ms)
				InitializePlatformSupportModulesInManaged (10ms)
				SetLoadedEditorAssemblies (0ms)
				RefreshPlugins (85ms)
				BeforeProcessingInitializeOnLoad (1ms)
				ProcessInitializeOnLoadAttributes (195ms)
				ProcessInitializeOnLoadMethodAttributes (64ms)
				AfterProcessingInitializeOnLoad (0ms)
				EditorAssembliesLoaded (0ms)
			ExecutionOrderSort2 (0ms)
			AwakeInstancesAfterBackupRestoration (0ms)
Platform modules already initialized, skipping
Registering precompiled user dll's ...
Registered in 0.015375 seconds.
Begin MonoManager ReloadAssembly
Symbol file LoadedFromMemory doesn't match image /Users/kayla/Documents/GitHub/CPSC244FinalProject/PrisonBeak/Library/PackageCache/com.unity.visualscripting@1.8.0/Editor/VisualScripting.Core/Dependencies/YamlDotNet/Unity.VisualScripting.YamlDotNet.dll
Symbol file LoadedFromMemory doesn't match image /Users/kayla/Documents/GitHub/CPSC244FinalProject/PrisonBeak/Library/PackageCache/com.unity.visualscripting@1.8.0/Editor/VisualScripting.Core/Dependencies/DotNetZip/Unity.VisualScripting.IonicZip.dll
Native extension for OSXStandalone target not found
Native extension for WebGL target not found
Refreshing native plugins compatible for Editor in 0.67 ms, found 2 plugins.
Preloading 0 native plugins for Editor in 0.00 ms.
Mono: successfully reloaded assembly
- Completed reload, in  1.705 seconds
Domain Reload Profiling:
	ReloadAssembly (1706ms)
		BeginReloadAssembly (131ms)
			ExecutionOrderSort (0ms)
			DisableScriptedObjects (7ms)
			BackupInstance (0ms)
			ReleaseScriptingObjects (0ms)
			CreateAndSetChildDomain (39ms)
		EndReloadAssembly (1409ms)
			LoadAssemblies (159ms)
			RebuildTransferFunctionScriptingTraits (0ms)
			SetupTypeCache (426ms)
			ReleaseScriptCaches (1ms)
			RebuildScriptCaches (77ms)
			SetupLoadedEditorAssemblies (678ms)
				LogAssemblyErrors (0ms)
				InitializePlatformSupportModulesInManaged (6ms)
				SetLoadedEditorAssemblies (1ms)
				RefreshPlugins (1ms)
				BeforeProcessingInitializeOnLoad (90ms)
				ProcessInitializeOnLoadAttributes (547ms)
				ProcessInitializeOnLoadMethodAttributes (32ms)
				AfterProcessingInitializeOnLoad (3ms)
				EditorAssembliesLoaded (0ms)
			ExecutionOrderSort2 (0ms)
			AwakeInstancesAfterBackupRestoration (5ms)
Platform modules already initialized, skipping
========================================================================
Worker process is ready to serve import requests
Launching external process: /Applications/Unity/Hub/Editor/2021.3.17f1/Unity.app/Contents/Tools/UnityShaderCompiler
Launched and connected shader compiler UnityShaderCompiler after 0.03 seconds
Refreshing native plugins compatible for Editor in 0.55 ms, found 2 plugins.
Preloading 0 native plugins for Editor in 0.00 ms.
Unloading 3388 Unused Serialized files (Serialized files now loaded: 0)
Unloading 27 unused Assets / (88.1 KB). Loaded Objects now: 3846.
Memory consumption went from 110.5 MB to 110.4 MB.
Total: 4.913139 ms (FindLiveObjects: 0.330081 ms CreateObjectMapping: 0.350924 ms MarkObjects: 4.087146 ms  DeleteObjects: 0.143765 ms)

AssetImportParameters requested are different than current active one (requested -> active):
  custom:video-decoder-ogg-theora: a1e56fd34408186e4bbccfd4996cb3dc -> 
  custom:container-muxer-webm: aa71ff27fc2769a1b78a27578f13a17b -> 
  custom:container-demuxer-webm: 4f35f7cbe854078d1ac9338744f61a02 -> 
  custom:video-encoder-webm-vp8: eb34c28f22e8b96e1ab97ce403110664 -> 
  custom:framework-osx-AVFoundation: e770b220cccbd017edd2c1fefb359320 -> 
  custom:audio-encoder-webm-vorbis: bf7c407c2cedff20999df2af8eb42d56 -> 
  custom:container-demuxer-ogg: 62fdf1f143b41e24485cea50d1cbac27 -> 
  custom:video-decoder-webm-vp8: 9c59270c3fd7afecdb556c50c9e8de78 -> 
  custom:audio-decoder-ogg-vorbis: bf7c407c2cedff20999df2af8eb42d56 -> 
========================================================================
Received Import Request.
  Time since last request: 29325.188888 seconds.
  path: Assets/Art/ddhfhj8-816f597c-e3de-4d91-b8fc-8a690a778ec3-removebg-preview.png
  artifactKey: Guid(3499a0aa7f7124cffaa969fbe00ff3b1) Importer(815301076,1909f56bfc062723c751e8b465ee728b)
Start importing Assets/Art/ddhfhj8-816f597c-e3de-4d91-b8fc-8a690a778ec3-removebg-preview.png using Guid(3499a0aa7f7124cffaa969fbe00ff3b1) Importer(815301076,1909f56bfc062723c751e8b465ee728b)  -> (artifact id: '9932a0b73a7661ef8c23ec18cee5230d') in 1.094181 seconds 
========================================================================
Received Import Request.
  Time since last request: 4.150437 seconds.
  path: Assets/Art/Bird.png
  artifactKey: Guid(3499a0aa7f7124cffaa969fbe00ff3b1) Importer(815301076,1909f56bfc062723c751e8b465ee728b)
Start importing Assets/Art/Bird.png using Guid(3499a0aa7f7124cffaa969fbe00ff3b1) Importer(815301076,1909f56bfc062723c751e8b465ee728b)  -> (artifact id: 'ae549843cfaa2304946d241c7f6844a0') in 0.020521 seconds 
========================================================================
Received Import Request.
  Time since last request: 6.967872 seconds.
  path: Assets/Art/Bird.png
  artifactKey: Guid(3499a0aa7f7124cffaa969fbe00ff3b1) Importer(815301076,1909f56bfc062723c751e8b465ee728b)
Start importing Assets/Art/Bird.png using Guid(3499a0aa7f7124cffaa969fbe00ff3b1) Importer(815301076,1909f56bfc062723c751e8b465ee728b)  -> (artifact id: '08d4d49f59413bcfacbdbf667a590115') in 0.073176 seconds 
========================================================================
Received Import Request.
  Time since last request: 122.013912 seconds.
  path: Assets/Scripts/SceneController.cs
  artifactKey: Guid(0eb388dcd1fab43cda752f3866d42467) Importer(815301076,1909f56bfc062723c751e8b465ee728b)
Start importing Assets/Scripts/SceneController.cs using Guid(0eb388dcd1fab43cda752f3866d42467) Importer(815301076,1909f56bfc062723c751e8b465ee728b)  -> (artifact id: '69477031adaa4c72b4e1491b66f4f64e') in 0.435557 seconds 
========================================================================
Received Prepare
Registering precompiled user dll's ...
Registered in 0.002932 seconds.
Begin MonoManager ReloadAssembly
Symbol file LoadedFromMemory doesn't match image /Users/kayla/Documents/GitHub/CPSC244FinalProject/PrisonBeak/Library/PackageCache/com.unity.visualscripting@1.8.0/Editor/VisualScripting.Core/Dependencies/YamlDotNet/Unity.VisualScripting.YamlDotNet.dll
Symbol file LoadedFromMemory doesn't match image /Users/kayla/Documents/GitHub/CPSC244FinalProject/PrisonBeak/Library/PackageCache/com.unity.visualscripting@1.8.0/Editor/VisualScripting.Core/Dependencies/DotNetZip/Unity.VisualScripting.IonicZip.dll
Native extension for OSXStandalone target not found
Native extension for WebGL target not found
Refreshing native plugins compatible for Editor in 0.76 ms, found 2 plugins.
Preloading 0 native plugins for Editor in 0.00 ms.
Mono: successfully reloaded assembly
- Completed reload, in  2.120 seconds
Domain Reload Profiling:
	ReloadAssembly (2121ms)
		BeginReloadAssembly (235ms)
			ExecutionOrderSort (0ms)
			DisableScriptedObjects (9ms)
			BackupInstance (0ms)
			ReleaseScriptingObjects (0ms)
			CreateAndSetChildDomain (113ms)
		EndReloadAssembly (1708ms)
			LoadAssemblies (111ms)
			RebuildTransferFunctionScriptingTraits (0ms)
			SetupTypeCache (451ms)
			ReleaseScriptCaches (1ms)
			RebuildScriptCaches (66ms)
			SetupLoadedEditorAssemblies (1022ms)
				LogAssemblyErrors (0ms)
				InitializePlatformSupportModulesInManaged (18ms)
				SetLoadedEditorAssemblies (1ms)
				RefreshPlugins (1ms)
				BeforeProcessingInitializeOnLoad (139ms)
				ProcessInitializeOnLoadAttributes (804ms)
				ProcessInitializeOnLoadMethodAttributes (56ms)
				AfterProcessingInitializeOnLoad (3ms)
				EditorAssembliesLoaded (1ms)
			ExecutionOrderSort2 (0ms)
			AwakeInstancesAfterBackupRestoration (10ms)
Platform modules already initialized, skipping
Refreshing native plugins compatible for Editor in 1.39 ms, found 2 plugins.
Preloading 0 native plugins for Editor in 0.00 ms.
Unloading 3384 Unused Serialized files (Serialized files now loaded: 0)
Unloading 20 unused Assets / (68.0 KB). Loaded Objects now: 3857.
Memory consumption went from 120.9 MB to 120.8 MB.
Total: 4.019777 ms (FindLiveObjects: 0.329746 ms CreateObjectMapping: 0.144001 ms MarkObjects: 3.403762 ms  DeleteObjects: 0.141001 ms)

AssetImportParameters requested are different than current active one (requested -> active):
  custom:video-decoder-ogg-theora: a1e56fd34408186e4bbccfd4996cb3dc -> 
  custom:container-muxer-webm: aa71ff27fc2769a1b78a27578f13a17b -> 
  custom:container-demuxer-webm: 4f35f7cbe854078d1ac9338744f61a02 -> 
  custom:video-encoder-webm-vp8: eb34c28f22e8b96e1ab97ce403110664 -> 
  custom:framework-osx-AVFoundation: e770b220cccbd017edd2c1fefb359320 -> 
  custom:audio-encoder-webm-vorbis: bf7c407c2cedff20999df2af8eb42d56 -> 
  custom:container-demuxer-ogg: 62fdf1f143b41e24485cea50d1cbac27 -> 
  custom:video-decoder-webm-vp8: 9c59270c3fd7afecdb556c50c9e8de78 -> 
  custom:audio-decoder-ogg-vorbis: bf7c407c2cedff20999df2af8eb42d56 -> 
========================================================================
Received Prepare
Registering precompiled user dll's ...
Registered in 0.003438 seconds.
Begin MonoManager ReloadAssembly
Symbol file LoadedFromMemory doesn't match image /Users/kayla/Documents/GitHub/CPSC244FinalProject/PrisonBeak/Library/PackageCache/com.unity.visualscripting@1.8.0/Editor/VisualScripting.Core/Dependencies/YamlDotNet/Unity.VisualScripting.YamlDotNet.dll
Symbol file LoadedFromMemory doesn't match image /Users/kayla/Documents/GitHub/CPSC244FinalProject/PrisonBeak/Library/PackageCache/com.unity.visualscripting@1.8.0/Editor/VisualScripting.Core/Dependencies/DotNetZip/Unity.VisualScripting.IonicZip.dll
Native extension for OSXStandalone target not found
Native extension for WebGL target not found
Refreshing native plugins compatible for Editor in 0.62 ms, found 2 plugins.
Preloading 0 native plugins for Editor in 0.00 ms.
Mono: successfully reloaded assembly
- Completed reload, in  1.569 seconds
Domain Reload Profiling:
	ReloadAssembly (1570ms)
		BeginReloadAssembly (186ms)
			ExecutionOrderSort (0ms)
			DisableScriptedObjects (8ms)
			BackupInstance (0ms)
			ReleaseScriptingObjects (0ms)
			CreateAndSetChildDomain (86ms)
		EndReloadAssembly (1230ms)
			LoadAssemblies (84ms)
			RebuildTransferFunctionScriptingTraits (1ms)
			SetupTypeCache (383ms)
			ReleaseScriptCaches (2ms)
			RebuildScriptCaches (67ms)
			SetupLoadedEditorAssemblies (625ms)
				LogAssemblyErrors (0ms)
				InitializePlatformSupportModulesInManaged (12ms)
				SetLoadedEditorAssemblies (1ms)
				RefreshPlugins (1ms)
				BeforeProcessingInitializeOnLoad (67ms)
				ProcessInitializeOnLoadAttributes (514ms)
				ProcessInitializeOnLoadMethodAttributes (28ms)
				AfterProcessingInitializeOnLoad (2ms)
				EditorAssembliesLoaded (0ms)
			ExecutionOrderSort2 (0ms)
			AwakeInstancesAfterBackupRestoration (7ms)
Platform modules already initialized, skipping
Refreshing native plugins compatible for Editor in 3.49 ms, found 2 plugins.
Preloading 0 native plugins for Editor in 0.00 ms.
Unloading 3384 Unused Serialized files (Serialized files now loaded: 0)
Unloading 20 unused Assets / (68.1 KB). Loaded Objects now: 3860.
Memory consumption went from 120.9 MB to 120.8 MB.
Total: 3.878857 ms (FindLiveObjects: 0.345533 ms CreateObjectMapping: 0.194665 ms MarkObjects: 3.207343 ms  DeleteObjects: 0.130180 ms)

AssetImportParameters requested are different than current active one (requested -> active):
  custom:video-decoder-ogg-theora: a1e56fd34408186e4bbccfd4996cb3dc -> 
  custom:container-muxer-webm: aa71ff27fc2769a1b78a27578f13a17b -> 
  custom:container-demuxer-webm: 4f35f7cbe854078d1ac9338744f61a02 -> 
  custom:video-encoder-webm-vp8: eb34c28f22e8b96e1ab97ce403110664 -> 
  custom:framework-osx-AVFoundation: e770b220cccbd017edd2c1fefb359320 -> 
  custom:audio-encoder-webm-vorbis: bf7c407c2cedff20999df2af8eb42d56 -> 
  custom:container-demuxer-ogg: 62fdf1f143b41e24485cea50d1cbac27 -> 
  custom:video-decoder-webm-vp8: 9c59270c3fd7afecdb556c50c9e8de78 -> 
  custom:audio-decoder-ogg-vorbis: bf7c407c2cedff20999df2af8eb42d56 -> 
========================================================================
Received Import Request.
  Time since last request: 460.377390 seconds.
  path: Assets/Sounds/BirdSoundEffect.mp3
  artifactKey: Guid(41ba955bd018f423ba1ae8341b82106b) Importer(815301076,1909f56bfc062723c751e8b465ee728b)
Start importing Assets/Sounds/BirdSoundEffect.mp3 using Guid(41ba955bd018f423ba1ae8341b82106b) Importer(815301076,1909f56bfc062723c751e8b465ee728b)  -> (artifact id: '23c8f5c1b6a48a4d455f4a731097bcb5') in 1.201750 seconds 
========================================================================
Received Import Request.
  Time since last request: 805.863199 seconds.
  path: Assets/Sounds/BackgroundMusic.mp3
  artifactKey: Guid(3be977ec15d32457db15b33fd508f15e) Importer(815301076,1909f56bfc062723c751e8b465ee728b)
Start importing Assets/Sounds/BackgroundMusic.mp3 using Guid(3be977ec15d32457db15b33fd508f15e) Importer(815301076,1909f56bfc062723c751e8b465ee728b)  -> (artifact id: '5539412a5b649eb90e77a2c47413c262') in 0.253075 seconds 
========================================================================
Received Import Request.
  Time since last request: 6.617320 seconds.
  path: Assets/Sounds/AcidMelt.mp3
  artifactKey: Guid(859b4f7f838b1488fa69da0d50cf00bd) Importer(815301076,1909f56bfc062723c751e8b465ee728b)
Start importing Assets/Sounds/AcidMelt.mp3 using Guid(859b4f7f838b1488fa69da0d50cf00bd) Importer(815301076,1909f56bfc062723c751e8b465ee728b)  -> (artifact id: 'e19b1eef63bbb9dd0a940a022dfc7aa0') in 0.014594 seconds 
========================================================================
Received Import Request.
  Time since last request: 3.280780 seconds.
  path: Assets/Sounds/BirdChirp.mp3
  artifactKey: Guid(c1ed0ef6238a946d0829c116ddbdf9bb) Importer(815301076,1909f56bfc062723c751e8b465ee728b)
Start importing Assets/Sounds/BirdChirp.mp3 using Guid(c1ed0ef6238a946d0829c116ddbdf9bb) Importer(815301076,1909f56bfc062723c751e8b465ee728b)  -> (artifact id: '944840fd8511a52483a36c00c451b6a4') in 0.015445 seconds 
========================================================================
Received Import Request.
  Time since last request: 2.064259 seconds.
  path: Assets/Sounds/BuzzingFly.mp3
  artifactKey: Guid(9ab588d38430a467e905eccb719cb383) Importer(815301076,1909f56bfc062723c751e8b465ee728b)
Start importing Assets/Sounds/BuzzingFly.mp3 using Guid(9ab588d38430a467e905eccb719cb383) Importer(815301076,1909f56bfc062723c751e8b465ee728b)  -> (artifact id: 'e8e266590ebb5e1528f820f1580124c8') in 0.011168 seconds 
========================================================================
Received Import Request.
  Time since last request: 633.497487 seconds.
  path: Assets/Art/WindowSill_Day.png
  artifactKey: Guid(3a4332d89532749eab1a89fc6cd53616) Importer(815301076,1909f56bfc062723c751e8b465ee728b)
Start importing Assets/Art/WindowSill_Day.png using Guid(3a4332d89532749eab1a89fc6cd53616) Importer(815301076,1909f56bfc062723c751e8b465ee728b)  -> (artifact id: 'd16b6b045e29ec9605dfde4338037734') in 0.276152 seconds 
========================================================================
Received Import Request.
  Time since last request: 1.846075 seconds.
  path: Assets/Art/WindowSill_Evening.png
  artifactKey: Guid(d018ecc39762944d89502c5d8907471a) Importer(815301076,1909f56bfc062723c751e8b465ee728b)
Start importing Assets/Art/WindowSill_Evening.png using Guid(d018ecc39762944d89502c5d8907471a) Importer(815301076,1909f56bfc062723c751e8b465ee728b)  -> (artifact id: '2ee746384e63b7cdccac98fb007ff466') in 0.015738 seconds 
========================================================================
Received Import Request.
  Time since last request: 5.928505 seconds.
  path: Assets/Art/WindowSill_Evening.png
  artifactKey: Guid(d018ecc39762944d89502c5d8907471a) Importer(815301076,1909f56bfc062723c751e8b465ee728b)
Start importing Assets/Art/WindowSill_Evening.png using Guid(d018ecc39762944d89502c5d8907471a) Importer(815301076,1909f56bfc062723c751e8b465ee728b)  -> (artifact id: '30852a5915c0dbf753485c06c490b289') in 0.260031 seconds 
========================================================================
Received Import Request.
  Time since last request: 1.126275 seconds.
  path: Assets/Art/WindowSill_Day.png
  artifactKey: Guid(3a4332d89532749eab1a89fc6cd53616) Importer(815301076,1909f56bfc062723c751e8b465ee728b)
Start importing Assets/Art/WindowSill_Day.png using Guid(3a4332d89532749eab1a89fc6cd53616) Importer(815301076,1909f56bfc062723c751e8b465ee728b)  -> (artifact id: 'bcc10e780ff32badeb9309c8c55a37ec') in 0.181979 seconds 
